<?xml version="1.0" encoding="UTF-8"?>
<testng-results ignored="0" total="1" passed="1" failed="0" skipped="0">
  <reporter-output>
  </reporter-output>
  <suite started-at="2025-09-28T13:57:12 BRT" name="Surefire suite" finished-at="2025-09-28T13:57:22 BRT" duration-ms="9258">
    <groups>
      <group name="cucumber">
        <method signature="AbstractTestNGCucumberTests.runScenario(io.cucumber.testng.PickleWrapper,io.cucumber.testng.FeatureWrapper)[pri:0, instance:com.accenture.demoqa.runners.TestRunner@7c469c48]" name="runScenario" class="io.cucumber.testng.AbstractTestNGCucumberTests"/>
      </group> <!-- cucumber -->
    </groups>
    <test started-at="2025-09-28T13:57:12 BRT" name="Surefire test" finished-at="2025-09-28T13:57:22 BRT" duration-ms="9258">
      <class name="com.accenture.demoqa.runners.TestRunner">
        <test-method is-config="true" signature="setUpClass(org.testng.ITestContext)[pri:0, instance:com.accenture.demoqa.runners.TestRunner@7c469c48]" started-at="2025-09-28T13:57:12 BRT" name="setUpClass" finished-at="2025-09-28T13:57:13 BRT" duration-ms="299" status="PASS">
          <params>
            <param index="0">
              <value>
                <![CDATA[org.testng.TestRunner@267891bf]]>
              </value>
            </param>
          </params>
          <reporter-output>
          </reporter-output>
        </test-method> <!-- setUpClass -->
        <test-method signature="runScenario(io.cucumber.testng.PickleWrapper,io.cucumber.testng.FeatureWrapper)[pri:0, instance:com.accenture.demoqa.runners.TestRunner@7c469c48]" started-at="2025-09-28T13:57:13 BRT" name="runScenario" description="Runs Cucumber Scenarios" data-provider="scenarios" finished-at="2025-09-28T13:57:22 BRT" duration-ms="8915" status="PASS">
          <params>
            <param index="0">
              <value>
                <![CDATA["Fluxo completo de registro de usuário e aluguel de livros"]]>
              </value>
            </param>
            <param index="1">
              <value>
                <![CDATA["Fluxo Completo da API DemoQA BookStore"]]>
              </value>
            </param>
          </params>
          <reporter-output>
          </reporter-output>
        </test-method> <!-- runScenario -->
        <test-method is-config="true" signature="tearDownClass()[pri:0, instance:com.accenture.demoqa.runners.TestRunner@7c469c48]" started-at="2025-09-28T13:57:22 BRT" name="tearDownClass" finished-at="2025-09-28T13:57:22 BRT" duration-ms="23" status="PASS">
          <reporter-output>
          </reporter-output>
        </test-method> <!-- tearDownClass -->
      </class> <!-- com.accenture.demoqa.runners.TestRunner -->
    </test> <!-- Surefire test -->
  </suite> <!-- Surefire suite -->
</testng-results>
