<?xml version="1.0" encoding="UTF-8"?>
<testsuite xmlns:xsi="http://www.w3.org/2001/XMLSchema-instance" xsi:noNamespaceSchemaLocation="https://maven.apache.org/surefire/maven-surefire-plugin/xsd/surefire-test-report-3.0.xsd" version="3.0" name="com.accenture.demoqa.runners.TestRunner" time="9.495" tests="1" errors="0" skipped="0" failures="0">
  <properties>
[...]
</properties>
  <testcase name="runScenario[&quot;Fluxo completo de registro de usuário e aluguel de livros&quot;, &quot;Fluxo Completo da API DemoQA BookStore&quot;](1)" classname="com.accenture.demoqa.runners.TestRunner" time="8.915">
    <system-out><![CDATA[
Cenário: Fluxo completo de registro de usuário e aluguel de livros  # src/test/resources/features/demoQA-API.feature:10
=== INICIANDO CRIAÇÃO DE USUÁRIO ===
Username gerado: testuser_ae1343ac
Password: Test@1234
Request Body: CreateUserRequest(userName=testuser_ae1343ac, password=Test@1234)
=== CRIANDO USUÁRIO NO CLIENT ===
📤 REQUEST:
URL: POST https://demoqa.com/Account/v1/User
Headers: accept=application/json, Content-Type=application/json
Body: CreateUserRequest(userName=testuser_ae1343ac, password=Test@1234)
📥 RESPONSE:
Status Code: 201
Response Body: {"userID":"5189cd37-220d-4693-9001-40884c99c224","username":"testuser_ae1343ac","books":[]}
Headers: Server=nginx/1.17.10 (Ubuntu)
Date=Sun, 28 Sep 2025 16:57:15 GMT
Content-Type=application/json; charset=utf-8
Content-Length=91
Connection=keep-alive
X-Powered-By=Express
ETag=W/"5b-QKNibhJ29Hf8ST1RJ6ttsO+AjyY"
=== FIM CRIAÇÃO DE USUÁRIO ===
✅ Usuário criado com sucesso!
📝 Username: testuser_ae1343ac
🆔 UserID: 5189cd37-220d-4693-9001-40884c99c224
🔐 Password: Test@1234
=== FIM CRIAÇÃO DE USUÁRIO ===
  Dado que eu crio um novo usuário com credenciais válidas          # com.accenture.demoqa.stepdefinitions.DemoQASteps.criarNovoUsuario()
=== GERANDO TOKEN DE ACESSO ===
Username: testuser_ae1343ac
Password: Test@1234
Request Body: GenerateTokenRequest(userName=testuser_ae1343ac, password=Test@1234)
=== GERANDO TOKEN NO CLIENT ===
📤 REQUEST:
URL: POST https://demoqa.com/Account/v1/GenerateToken
Headers: accept=application/json, Content-Type=application/json
Body: GenerateTokenRequest(userName=testuser_ae1343ac, password=Test@1234)
📥 RESPONSE:
Status Code: 200
Response Body: {"token":"eyJhbGciOiJIUzI1NiIsInR5cCI6IkpXVCJ9.eyJ1c2VyTmFtZSI6InRlc3R1c2VyX2FlMTM0M2FjIiwicGFzc3dvcmQiOiJUZXN0QDEyMzQiLCJpYXQiOjE3NTkwNzg2MzZ9.ronFF9CZSvcYi7axN5TQfOyETSr6rAWtCpQfD--VH6U","expires":"2025-10-05T16:57:16.225Z","status":"Success","result":"User authorized successfully."}
Headers: Server=nginx/1.17.10 (Ubuntu)
Date=Sun, 28 Sep 2025 16:57:17 GMT
Content-Type=application/json; charset=utf-8
Content-Length=286
Connection=keep-alive
X-Powered-By=Express
ETag=W/"11e-iv3G1Tn6ENg6atsd6q1/1GxgnvU"
=== FIM GERAÇÃO DE TOKEN ===
✅ Token gerado com sucesso!
🔑 Token: eyJhbGciOiJIUzI1NiIsInR5cCI6IkpXVCJ9.eyJ1c2VyTmFtZSI6InRlc3R1c2VyX2FlMTM0M2FjIiwicGFzc3dvcmQiOiJUZXN0QDEyMzQiLCJpYXQiOjE3NTkwNzg2MzZ9.ronFF9CZSvcYi7axN5TQfOyETSr6rAWtCpQfD--VH6U
Status: Success
Result: User authorized successfully.
=== FIM GERAÇÃO DE TOKEN ===
  Quando eu gero um token de acesso para o usuário                  # com.accenture.demoqa.stepdefinitions.DemoQASteps.gerarTokenAcesso()
=== VERIFICANDO AUTORIZAÇÃO DO USUÁRIO ===
UserID: 5189cd37-220d-4693-9001-40884c99c224
Token: eyJhbGciOiJIUzI1NiIsInR5cCI6IkpXVCJ9.eyJ1c2VyTmFtZSI6InRlc3R1c2VyX2FlMTM0M2FjIiwicGFzc3dvcmQiOiJUZXN0QDEyMzQiLCJpYXQiOjE3NTkwNzg2MzZ9.ronFF9CZSvcYi7axN5TQfOyETSr6rAWtCpQfD--VH6U
Username: testuser_ae1343ac
=== VERIFICANDO AUTORIZAÇÃO ===
📤 REQUEST:
URL: GET https://demoqa.com/Account/v1/User/5189cd37-220d-4693-9001-40884c99c224
Headers: accept=application/json, Authorization=Bearer eyJhbGciOiJIUzI1NiIs...
📥 RESPONSE:
Status Code: 200
Response Body: {"userId":"5189cd37-220d-4693-9001-40884c99c224","username":"testuser_ae1343ac","books":[]}
Headers: Server=nginx/1.17.10 (Ubuntu)
Date=Sun, 28 Sep 2025 16:57:18 GMT
Content-Type=application/json; charset=utf-8
Content-Length=91
Connection=keep-alive
X-Powered-By=Express
ETag=W/"5b-nY8dZzeVCVVLbOhKNdR+U4gcNUk"
✅ Usuário autorizado: true
=== FIM VERIFICAÇÃO AUTORIZAÇÃO ===
=== GET USER DETAILS ===
📤 REQUEST:
URL: GET https://demoqa.com/Account/v1/User/5189cd37-220d-4693-9001-40884c99c224
Headers: accept=application/json, Authorization=Bearer eyJhbGciOiJIUzI1NiIs...
📥 RESPONSE:
Status Code: 200
Response Body: {"userId":"5189cd37-220d-4693-9001-40884c99c224","username":"testuser_ae1343ac","books":[]}
Headers: Server=nginx/1.17.10 (Ubuntu)
Date=Sun, 28 Sep 2025 16:57:19 GMT
Content-Type=application/json; charset=utf-8
Content-Length=91
Connection=keep-alive
X-Powered-By=Express
ETag=W/"5b-nY8dZzeVCVVLbOhKNdR+U4gcNUk"
=== FIM GET USER DETAILS ===
✅ Usuário autorizado com sucesso!
📋 Detalhes do usuário:
   UserID: 5189cd37-220d-4693-9001-40884c99c224
   Username: testuser_ae1343ac
   Quantidade de livros: 0
=== FIM VERIFICAÇÃO DE AUTORIZAÇÃO ===
  Então o usuário deve estar autorizado                             # com.accenture.demoqa.stepdefinitions.DemoQASteps.verificarAutorizacaoUsuario()
=== RECUPERANDO LISTA DE LIVROS ===
=== RECUPERANDO LIVROS DISPONÍVEIS ===
📤 REQUEST:
URL: GET https://demoqa.com/BookStore/v1/Books
Headers: accept=application/json
📥 RESPONSE:
Status Code: 200
Response Body: {"books":[{"isbn":"9781449325862","title":"Git Pocket Guide","subTitle":"A Working Introduction","author":"Richard E. Silverman","publish_date":"2020-06-04T08:48:39.000Z","publisher":"O'Reilly Media","pages":234,"description":"This pocket guide is the perfect on-the-job companion to Git, the distributed version control system. It provides a compact, readable introduction to Git for new users, as well as a reference to common commands and procedures for those of you with Git exp","website":"http://chimera.labs.oreilly.com/books/1230000000561/index.html"},{"isbn":"9781449331818","title":"Learning JavaScript Design Patterns","subTitle":"A JavaScript and jQuery Developer's Guide","author":"Addy Osmani","publish_date":"2020-06-04T09:11:40.000Z","publisher":"O'Reilly Media","pages":254,"description":"With Learning JavaScript Design Patterns, you'll learn how to write beautiful, structured, and maintainable JavaScript by applying classical and modern design patterns to the language. If you want to keep your code efficient, more manageable, and up-to-da","website":"http://www.addyosmani.com/resources/essentialjsdesignpatterns/book/"},{"isbn":"9781449337711","title":"Designing Evolvable Web APIs with ASP.NET","subTitle":"Harnessing the Power of the Web","author":"Glenn Block et al.","publish_date":"2020-06-04T09:12:43.000Z","publisher":"O'Reilly Media","pages":238,"description":"Design and build Web APIs for a broad range of clients—including browsers and mobile devices—that can adapt to change over time. This practical, hands-on guide takes you through the theory and tools you need to build evolvable HTTP services with Microsoft","website":"http://chimera.labs.oreilly.com/books/1234000001708/index.html"},{"isbn":"9781449365035","title":"Speaking JavaScript","subTitle":"An In-Depth Guide for Programmers","author":"Axel Rauschmayer","publish_date":"2014-02-01T00:00:00.000Z","publisher":"O'Reilly Media","pages":460,"description":"Like it or not, JavaScript is everywhere these days-from browser to server to mobile-and now you, too, need to learn the language or dive deeper than you have. This concise book guides you into and through JavaScript, written by a veteran programmer who o","website":"http://speakingjs.com/"},{"isbn":"9781491904244","title":"You Don't Know JS","subTitle":"ES6 & Beyond","author":"Kyle Simpson","publish_date":"2015-12-27T00:00:00.000Z","publisher":"O'Reilly Media","pages":278,"description":"No matter how much experience you have with JavaScript, odds are you don’t fully understand the language. As part of the \\\"You Don’t Know JS\\\" series, this compact guide focuses on new features available in ECMAScript 6 (ES6), the latest version of the st","website":"https://github.com/getify/You-Dont-Know-JS/tree/master/es6%20&%20beyond"},{"isbn":"9781491950296","title":"Programming JavaScript Applications","subTitle":"Robust Web Architecture with Node, HTML5, and Modern JS Libraries","author":"Eric Elliott","publish_date":"2014-07-01T00:00:00.000Z","publisher":"O'Reilly Media","pages":254,"description":"Take advantage of JavaScript's power to build robust web-scale or enterprise applications that are easy to extend and maintain. By applying the design patterns outlined in this practical book, experienced JavaScript developers will learn how to write flex","website":"http://chimera.labs.oreilly.com/books/1234000000262/index.html"},{"isbn":"9781593275846","title":"Eloquent JavaScript, Second Edition","subTitle":"A Modern Introduction to Programming","author":"Marijn Haverbeke","publish_date":"2014-12-14T00:00:00.000Z","publisher":"No Starch Press","pages":472,"description":"JavaScript lies at the heart of almost every modern web application, from social apps to the newest browser-based games. Though simple for beginners to pick up and play with, JavaScript is a flexible, complex language that you can use to build full-scale ","website":"http://eloquentjavascript.net/"},{"isbn":"9781593277574","title":"Understanding ECMAScript 6","subTitle":"The Definitive Guide for JavaScript Developers","author":"Nicholas C. Zakas","publish_date":"2016-09-03T00:00:00.000Z","publisher":"No Starch Press","pages":352,"description":"ECMAScript 6 represents the biggest update to the core of JavaScript in the history of the language. In Understanding ECMAScript 6, expert developer Nicholas C. Zakas provides a complete guide to the object types, syntax, and other exciting changes that E","website":"https://leanpub.com/understandinges6/read"}]}
Headers: Server=nginx/1.17.10 (Ubuntu)
Date=Sun, 28 Sep 2025 16:57:19 GMT
Content-Type=application/json; charset=utf-8
Content-Length=4514
Connection=keep-alive
X-Powered-By=Express
ETag=W/"11a2-8zfX++QwcgaCjSU6F8JP9fUd1tY"
=== FIM RECUPERAÇÃO DE LIVROS ===
✅ Lista de livros recuperada com sucesso!
📚 Total de livros disponíveis: 8
   📖 Git Pocket Guide (ISBN: 9781449325862)
   📖 Learning JavaScript Design Patterns (ISBN: 9781449331818)
   📖 Designing Evolvable Web APIs with ASP.NET (ISBN: 9781449337711)
=== FIM LISTA DE LIVROS ===
  Quando eu recupero a lista de livros disponíveis                  # com.accenture.demoqa.stepdefinitions.DemoQASteps.recuperarListaLivros()
=== ADICIONANDO LIVROS À COLEÇÃO ===
UserID: 5189cd37-220d-4693-9001-40884c99c224
Token: eyJhbGciOiJIUzI1NiIsInR5cCI6IkpXVCJ9.eyJ1c2VyTmFtZSI6InRlc3R1c2VyX2FlMTM0M2FjIiwicGFzc3dvcmQiOiJUZXN0QDEyMzQiLCJpYXQiOjE3NTkwNzg2MzZ9.ronFF9CZSvcYi7axN5TQfOyETSr6rAWtCpQfD--VH6U
📖 Livro 1 selecionado - ISBN: 9781449325862 - Título: Git Pocket Guide
📖 Livro 2 selecionado - ISBN: 9781449331818 - Título: Learning JavaScript Design Patterns
Request Body: AddBooksRequest(userId=5189cd37-220d-4693-9001-40884c99c224, collectionOfIsbns=[AddBooksRequest.ISBN(isbn=9781449325862), AddBooksRequest.ISBN(isbn=9781449331818)])
=== ADICIONANDO LIVROS AO USUÁRIO ===
📤 REQUEST:
URL: POST https://demoqa.com/BookStore/v1/Books
Headers: accept=application/json, Content-Type=application/json, Authorization=Bearer eyJhbGciOiJIUzI1NiIs...
Body: AddBooksRequest(userId=5189cd37-220d-4693-9001-40884c99c224, collectionOfIsbns=[AddBooksRequest.ISBN(isbn=9781449325862), AddBooksRequest.ISBN(isbn=9781449331818)])
📥 RESPONSE:
Status Code: 201
Response Body: {"books":[{"isbn":"9781449325862"},{"isbn":"9781449331818"}]}
Headers: Server=nginx/1.17.10 (Ubuntu)
Date=Sun, 28 Sep 2025 16:57:20 GMT
Content-Type=application/json; charset=utf-8
Content-Length=61
Connection=keep-alive
X-Powered-By=Express
ETag=W/"3d-gB7h53TsZSbWLsAq5S31Gxdt66A"
=== FIM ADIÇÃO DE LIVROS ===
Status Code: 201
Response Body: {"books":[{"isbn":"9781449325862"},{"isbn":"9781449331818"}]}
✅ Livros adicionados com sucesso à coleção do usuário!
=== FIM ADIÇÃO DE LIVROS ===
  E eu adiciono dois livros aleatórios à coleção do usuário         # com.accenture.demoqa.stepdefinitions.DemoQASteps.adicionarLivrosColecao()
=== VERIFICANDO DETALHES DO USUÁRIO COM LIVROS ===
=== GET USER DETAILS ===
📤 REQUEST:
URL: GET https://demoqa.com/Account/v1/User/5189cd37-220d-4693-9001-40884c99c224
Headers: accept=application/json, Authorization=Bearer eyJhbGciOiJIUzI1NiIs...
📥 RESPONSE:
Status Code: 200
Response Body: {"userId":"5189cd37-220d-4693-9001-40884c99c224","username":"testuser_ae1343ac","books":[{"isbn":"9781449325862","title":"Git Pocket Guide","subTitle":"A Working Introduction","author":"Richard E. Silverman","publish_date":"2020-06-04T08:48:39.000Z","publisher":"O'Reilly Media","pages":234,"description":"This pocket guide is the perfect on-the-job companion to Git, the distributed version control system. It provides a compact, readable introduction to Git for new users, as well as a reference to common commands and procedures for those of you with Git exp","website":"http://chimera.labs.oreilly.com/books/1230000000561/index.html"},{"isbn":"9781449331818","title":"Learning JavaScript Design Patterns","subTitle":"A JavaScript and jQuery Developer's Guide","author":"Addy Osmani","publish_date":"2020-06-04T09:11:40.000Z","publisher":"O'Reilly Media","pages":254,"description":"With Learning JavaScript Design Patterns, you'll learn how to write beautiful, structured, and maintainable JavaScript by applying classical and modern design patterns to the language. If you want to keep your code efficient, more manageable, and up-to-da","website":"http://www.addyosmani.com/resources/essentialjsdesignpatterns/book/"}]}
Headers: Server=nginx/1.17.10 (Ubuntu)
Date=Sun, 28 Sep 2025 16:57:21 GMT
Content-Type=application/json; charset=utf-8
Content-Length=1224
Connection=keep-alive
X-Powered-By=Express
ETag=W/"4c8-qe8qNI5l1lMuBNkOkXMEXaRwF68"
=== FIM GET USER DETAILS ===
✅ Coleção verificada com sucesso!
📚 Livros na coleção do usuário: 2
   📖 Git Pocket Guide (ISBN: 9781449325862)
   📖 Learning JavaScript Design Patterns (ISBN: 9781449331818)
=== FIM VERIFICAÇÃO DE LIVROS ===
  Então os detalhes do usuário devem mostrar os livros selecionados # com.accenture.demoqa.stepdefinitions.DemoQASteps.verificarDetalhesUsuarioComLivros()
=== VERIFICANDO QUANTIDADE DE LIVROS ===
Quantidade esperada: 2
=== GET USER DETAILS ===
📤 REQUEST:
URL: GET https://demoqa.com/Account/v1/User/5189cd37-220d-4693-9001-40884c99c224
Headers: accept=application/json, Authorization=Bearer eyJhbGciOiJIUzI1NiIs...
📥 RESPONSE:
Status Code: 200
Response Body: {"userId":"5189cd37-220d-4693-9001-40884c99c224","username":"testuser_ae1343ac","books":[{"isbn":"9781449325862","title":"Git Pocket Guide","subTitle":"A Working Introduction","author":"Richard E. Silverman","publish_date":"2020-06-04T08:48:39.000Z","publisher":"O'Reilly Media","pages":234,"description":"This pocket guide is the perfect on-the-job companion to Git, the distributed version control system. It provides a compact, readable introduction to Git for new users, as well as a reference to common commands and procedures for those of you with Git exp","website":"http://chimera.labs.oreilly.com/books/1230000000561/index.html"},{"isbn":"9781449331818","title":"Learning JavaScript Design Patterns","subTitle":"A JavaScript and jQuery Developer's Guide","author":"Addy Osmani","publish_date":"2020-06-04T09:11:40.000Z","publisher":"O'Reilly Media","pages":254,"description":"With Learning JavaScript Design Patterns, you'll learn how to write beautiful, structured, and maintainable JavaScript by applying classical and modern design patterns to the language. If you want to keep your code efficient, more manageable, and up-to-da","website":"http://www.addyosmani.com/resources/essentialjsdesignpatterns/book/"}]}
Headers: Server=nginx/1.17.10 (Ubuntu)
Date=Sun, 28 Sep 2025 16:57:22 GMT
Content-Type=application/json; charset=utf-8
Content-Length=1224
Connection=keep-alive
X-Powered-By=Express
ETag=W/"4c8-qe8qNI5l1lMuBNkOkXMEXaRwF68"
=== FIM GET USER DETAILS ===
Quantidade atual na coleção: 2
✅ Quantidade de livros verificada com sucesso!
=== FIM VERIFICAÇÃO DE QUANTIDADE ===
  E a coleção deve conter exatamente 2 livros                       # com.accenture.demoqa.stepdefinitions.DemoQASteps.a_coleção_deve_conter_exatamente_livros(java.lang.Integer)
]]></system-out>
    <system-err><![CDATA[SLF4J: Failed to load class "org.slf4j.impl.StaticLoggerBinder".
SLF4J: Defaulting to no-operation (NOP) logger implementation
SLF4J: See http://www.slf4j.org/codes.html#StaticLoggerBinder for further details.
]]></system-err>
  </testcase>
</testsuite>